<?xml version="1.0" encoding="UTF-8" ?>
<testsuite errors="0" failures="0" hostname="precise64" name="com.tw.biblioteca.BookInfoListTest" tests="2" time="0.009" timestamp="2015-09-08T11:39:53">
  <properties>
    <property name="ant.project.invoked-targets" value="coverage" />
    <property name="java.runtime.name" value="OpenJDK Runtime Environment" />
    <property name="project.name" value="Biblioteca2" />
    <property name="sun.boot.library.path" value="/usr/lib/jvm/java-7-openjdk-amd64/jre/lib/amd64" />
    <property name="java.vm.version" value="24.79-b02" />
    <property name="ant.library.dir" value="/usr/share/ant/lib" />
    <property name="ant.version" value="Apache Ant(TM) version 1.8.2 compiled on December 3 2011" />
    <property name="ant.java.version" value="1.7" />
    <property name="java.vm.vendor" value="Oracle Corporation" />
    <property name="java.vendor.url" value="http://java.oracle.com/" />
    <property name="path.separator" value=":" />
    <property name="java.vm.name" value="OpenJDK 64-Bit Server VM" />
    <property name="file.encoding.pkg" value="sun.io" />
    <property name="user.country" value="US" />
    <property name="sun.java.launcher" value="SUN_STANDARD" />
    <property name="sun.os.patch.level" value="unknown" />
    <property name="java.vm.specification.name" value="Java Virtual Machine Specification" />
    <property name="user.dir" value="/vagrant/IdeaProjects/Biblioteca2" />
    <property name="java.runtime.version" value="1.7.0_79-b14" />
    <property name="java.awt.graphicsenv" value="sun.awt.X11GraphicsEnvironment" />
    <property name="basedir" value="/vagrant/IdeaProjects/Biblioteca2" />
    <property name="java.endorsed.dirs" value="/usr/lib/jvm/java-7-openjdk-amd64/jre/lib/endorsed" />
    <property name="os.arch" value="amd64" />
    <property name="ant.project.default-target" value="coverage" />
    <property name="java.io.tmpdir" value="/tmp" />
    <property name="ant.core.lib" value="/usr/share/ant/lib/ant.jar" />
    <property name="line.separator" value="&#xa;" />
    <property name="java.vm.specification.vendor" value="Oracle Corporation" />
    <property name="os.name" value="Linux" />
    <property name="ant.home" value="/usr/share/ant" />
    <property name="ant.project.name" value="Biblioteca2" />
    <property name="sun.jnu.encoding" value="ISO-8859-1" />
    <property name="java.library.path" value="/usr/java/packages/lib/amd64:/usr/lib/x86_64-linux-gnu/jni:/lib/x86_64-linux-gnu:/usr/lib/x86_64-linux-gnu:/usr/lib/jni:/lib:/usr/lib" />
    <property name="java.specification.name" value="Java Platform API Specification" />
    <property name="java.class.version" value="51.0" />
    <property name="sun.management.compiler" value="HotSpot 64-Bit Tiered Compilers" />
    <property name="os.version" value="3.2.0-23-generic" />
    <property name="package.name" value="com.tw.biblioteca" />
    <property name="ant.file" value="/vagrant/IdeaProjects/Biblioteca2/build.xml" />
    <property name="user.home" value="/home/vagrant" />
    <property name="user.timezone" value="" />
    <property name="java.awt.printerjob" value="sun.print.PSPrinterJob" />
    <property name="file.encoding" value="ISO-8859-1" />
    <property name="java.specification.version" value="1.7" />
    <property name="user.name" value="vagrant" />
    <property name="java.class.path" value="/vagrant/IdeaProjects/Biblioteca2/instrumented:/vagrant/IdeaProjects/Biblioteca2/lib/junit-4.12.jar:/vagrant/IdeaProjects/Biblioteca2/lib/hamcrest-core-1.3.jar:/vagrant/IdeaProjects/Biblioteca2/lib/deploy.jar:/vagrant/IdeaProjects/Biblioteca2/lib/system-rules-1.12.0.jar:/vagrant/IdeaProjects/Biblioteca2/lib/mockito-all-1.9.5.jar:/vagrant/IdeaProjects/Biblioteca2/out:/vagrant/IdeaProjects/Biblioteca2/lib/cobertura-2.1.1/cobertura-2.1.1-javadoc.jar:/vagrant/IdeaProjects/Biblioteca2/lib/cobertura-2.1.1/cobertura-2.1.1-sources.jar:/vagrant/IdeaProjects/Biblioteca2/lib/cobertura-2.1.1/cobertura-2.1.1.jar:/vagrant/IdeaProjects/Biblioteca2/lib/cobertura-2.1.1/lib/asm-5.0.1.jar:/vagrant/IdeaProjects/Biblioteca2/lib/cobertura-2.1.1/lib/asm-analysis-5.0.1.jar:/vagrant/IdeaProjects/Biblioteca2/lib/cobertura-2.1.1/lib/asm-commons-5.0.1.jar:/vagrant/IdeaProjects/Biblioteca2/lib/cobertura-2.1.1/lib/asm-tree-5.0.1.jar:/vagrant/IdeaProjects/Biblioteca2/lib/cobertura-2.1.1/lib/asm-util-5.0.1.jar:/vagrant/IdeaProjects/Biblioteca2/lib/cobertura-2.1.1/lib/commons-lang3-3.3.2.jar:/vagrant/IdeaProjects/Biblioteca2/lib/cobertura-2.1.1/lib/hamcrest-core-1.3.jar:/vagrant/IdeaProjects/Biblioteca2/lib/cobertura-2.1.1/lib/jaxen-1.1.4.jar:/vagrant/IdeaProjects/Biblioteca2/lib/cobertura-2.1.1/lib/jetty-6.1.14.jar:/vagrant/IdeaProjects/Biblioteca2/lib/cobertura-2.1.1/lib/jetty-util-6.1.14.jar:/vagrant/IdeaProjects/Biblioteca2/lib/cobertura-2.1.1/lib/junit-4.11.jar:/vagrant/IdeaProjects/Biblioteca2/lib/cobertura-2.1.1/lib/logback-classic-1.0.13.jar:/vagrant/IdeaProjects/Biblioteca2/lib/cobertura-2.1.1/lib/logback-core-1.0.13.jar:/vagrant/IdeaProjects/Biblioteca2/lib/cobertura-2.1.1/lib/oro-2.0.8.jar:/vagrant/IdeaProjects/Biblioteca2/lib/cobertura-2.1.1/lib/servlet-api-2.5-6.1.14.jar:/vagrant/IdeaProjects/Biblioteca2/lib/cobertura-2.1.1/lib/slf4j-api-1.7.5.jar:/usr/share/java/ant-launcher-1.8.2.jar:/usr/share/ant/lib/ant.jar:/usr/share/ant/lib/ant-junit.jar:/usr/share/ant/lib/ant-junit4.jar" />
    <property name="java.vm.specification.version" value="1.7" />
    <property name="sun.java.command" value="org.apache.tools.ant.taskdefs.optional.junit.JUnitTestRunner testsfile=/vagrant/IdeaProjects/Biblioteca2/junittestcases4587613468589848747.properties filtertrace=true haltOnError=false haltOnFailure=true formatter=org.apache.tools.ant.taskdefs.optional.junit.SummaryJUnitResultFormatter showoutput=false outputtoformatters=true logfailedtests=true logtestlistenerevents=false formatter=org.apache.tools.ant.taskdefs.optional.junit.XMLJUnitResultFormatter,/vagrant/IdeaProjects/Biblioteca2/reports/IGNORETHIS.xml crashfile=/vagrant/IdeaProjects/Biblioteca2/junitvmwatcher6984890019096290780.properties propsfile=/vagrant/IdeaProjects/Biblioteca2/junit4979623337920178256.properties" />
    <property name="java.home" value="/usr/lib/jvm/java-7-openjdk-amd64/jre" />
    <property name="sun.arch.data.model" value="64" />
    <property name="java.specification.vendor" value="Oracle Corporation" />
    <property name="user.language" value="en" />
    <property name="main.name" value="BibliotecaApp" />
    <property name="awt.toolkit" value="sun.awt.X11.XToolkit" />
    <property name="java.vm.info" value="mixed mode" />
    <property name="ant.file.Biblioteca2" value="/vagrant/IdeaProjects/Biblioteca2/build.xml" />
    <property name="java.version" value="1.7.0_79" />
    <property name="java.ext.dirs" value="/usr/lib/jvm/java-7-openjdk-amd64/jre/lib/ext:/usr/java/packages/lib/ext" />
    <property name="sun.boot.class.path" value="/usr/lib/jvm/java-7-openjdk-amd64/jre/lib/resources.jar:/usr/lib/jvm/java-7-openjdk-amd64/jre/lib/rt.jar:/usr/lib/jvm/java-7-openjdk-amd64/jre/lib/sunrsasign.jar:/usr/lib/jvm/java-7-openjdk-amd64/jre/lib/jsse.jar:/usr/lib/jvm/java-7-openjdk-amd64/jre/lib/jce.jar:/usr/lib/jvm/java-7-openjdk-amd64/jre/lib/charsets.jar:/usr/lib/jvm/java-7-openjdk-amd64/jre/lib/rhino.jar:/usr/lib/jvm/java-7-openjdk-amd64/jre/lib/jfr.jar:/usr/lib/jvm/java-7-openjdk-amd64/jre/classes" />
    <property name="java.vendor" value="Oracle Corporation" />
    <property name="file.separator" value="/" />
    <property name="java.vendor.url.bug" value="http://bugreport.sun.com/bugreport/" />
    <property name="sun.cpu.endian" value="little" />
    <property name="sun.io.unicode.encoding" value="UnicodeLittle" />
    <property name="ant.file.type.Biblioteca2" value="file" />
    <property name="ant.file.type" value="file" />
    <property name="sun.cpu.isalist" value="" />
  </properties>
  <testcase classname="com.tw.biblioteca.BookInfoListTest" name="shouldNotDisplayCheckedOutBooks" time="0.0" />
  <testcase classname="com.tw.biblioteca.BookInfoListTest" name="shouldDisplayListOfBookInformation" time="0.0" />
  <system-out><![CDATA[]]></system-out>
  <system-err><![CDATA[]]></system-err>
</testsuite>
